<?xml version="1.0" encoding="UTF-8"?>
<testng-results total="1" passed="1" failed="0" skipped="0">
  <reporter-output>
  </reporter-output>
  <suite started-at="2024-11-17T11:06:24Z" name="Default suite" finished-at="2024-11-17T11:06:53Z" duration-ms="28813">
    <groups>
    </groups>
    <test started-at="2024-11-17T11:06:24Z" name="Default test" finished-at="2024-11-17T11:06:53Z" duration-ms="28813">
      <class name="runner.TestRunner">
        <test-method is-config="true" signature="setup()[pri:0, instance:runner.TestRunner@6bc407fd]" started-at="2024-11-17T16:36:24Z" name="setup" finished-at="2024-11-17T16:36:34Z" duration-ms="10226" status="PASS">
          <reporter-output>
          </reporter-output>
        </test-method> <!-- setup -->
        <test-method signature="Automation_Tests()[pri:0, instance:runner.TestRunner@6bc407fd]" started-at="2024-11-17T16:36:34Z" name="Automation_Tests" finished-at="2024-11-17T16:36:53Z" duration-ms="18552" status="PASS">
          <reporter-output>
          </reporter-output>
        </test-method> <!-- Automation_Tests -->
      </class> <!-- runner.TestRunner -->
    </test> <!-- Default test -->
  </suite> <!-- Default suite -->
</testng-results>
